TN:
SF:src\models\Juego.js
FN:2,(anonymous_0)
FN:8,(anonymous_1)
FN:15,(anonymous_2)
FN:32,(anonymous_3)
FN:64,(anonymous_4)
FNF:5
FNH:5
FNDA:23,(anonymous_0)
FNDA:22,(anonymous_1)
FNDA:3,(anonymous_2)
FNDA:36,(anonymous_3)
FNDA:77,(anonymous_4)
DA:1,1
DA:3,23
DA:4,23
DA:5,23
DA:9,22
DA:10,21
DA:11,21
DA:16,3
DA:17,2
DA:18,2
DA:19,1
DA:20,3
DA:22,1
DA:23,1
DA:25,1
DA:26,1
DA:33,36
DA:34,35
DA:35,33
DA:36,33
DA:38,33
DA:39,12
DA:40,36
DA:43,12
DA:44,12
DA:45,36
DA:47,12
DA:49,12
DA:51,21
DA:53,21
DA:55,21
DA:63,33
DA:64,33
DA:65,77
DA:66,0
DA:69,33
DA:73,33
DA:74,84
DA:76,21
LF:39
LH:38
BRDA:9,0,0,21
BRDA:9,0,1,1
BRDA:16,1,0,2
BRDA:16,1,1,1
BRDA:17,2,0,2
BRDA:17,2,1,0
BRDA:17,3,0,2
BRDA:17,3,1,2
BRDA:18,4,0,1
BRDA:18,4,1,1
BRDA:33,5,0,35
BRDA:33,5,1,1
BRDA:34,6,0,33
BRDA:34,6,1,2
BRDA:34,7,0,35
BRDA:34,7,1,34
BRDA:35,8,0,33
BRDA:35,8,1,0
BRDA:38,9,0,12
BRDA:38,9,1,21
BRDA:40,10,0,12
BRDA:40,10,1,24
BRDA:45,11,0,16
BRDA:45,11,1,20
BRDA:47,12,0,2
BRDA:47,12,1,10
BRDA:53,13,0,2
BRDA:53,13,1,19
BRDA:65,14,0,0
BRDA:65,14,1,77
BRDA:74,15,0,12
BRDA:74,15,1,72
BRF:32
BRH:29
end_of_record
